src/app/utils/local-notifications/android/build/intermediates/manifest_merge_blame_file/debug/manifest-merger-blame-debug-report.txt
1<?xml version="1.0" encoding="utf-8"?>
2<manifest xmlns:android="http://schemas.android.com/apk/res/android"
3    package="com.capacitorjs.plugins.localnotifications" >
4
5    <uses-sdk
6        android:minSdkVersion="21"
6-->src\main\AndroidManifest.xml
7        android:targetSdkVersion="30" />
7-->src\main\AndroidManifest.xml
8
9    <uses-permission android:name="android.permission.RECEIVE_BOOT_COMPLETED" />
9-->src\main\AndroidManifest.xml:18:5-80
9-->src\main\AndroidManifest.xml:18:22-78
10    <uses-permission android:name="android.permission.WAKE_LOCK" />
10-->src\main\AndroidManifest.xml:19:5-67
10-->src\main\AndroidManifest.xml:19:22-65
11
12    <application>
12-->src\main\AndroidManifest.xml:4:5-17:19
13        <receiver android:name="com.capacitorjs.plugins.localnotifications.TimedNotificationPublisher" />
13-->src\main\AndroidManifest.xml:5:9-106
13-->src\main\AndroidManifest.xml:5:19-103
14        <receiver android:name="com.capacitorjs.plugins.localnotifications.NotificationDismissReceiver" />
14-->src\main\AndroidManifest.xml:6:9-107
14-->src\main\AndroidManifest.xml:6:19-104
15        <receiver
15-->src\main\AndroidManifest.xml:7:9-16:20
16            android:name="com.capacitorjs.plugins.localnotifications.LocalNotificationRestoreReceiver"
16-->src\main\AndroidManifest.xml:8:13-103
17            android:directBootAware="true"
17-->src\main\AndroidManifest.xml:9:13-43
18            android:exported="false" >
18-->src\main\AndroidManifest.xml:10:13-37
19            <intent-filter>
19-->src\main\AndroidManifest.xml:11:13-15:29
20                <action android:name="android.intent.action.LOCKED_BOOT_COMPLETED" />
20-->src\main\AndroidManifest.xml:12:17-86
20-->src\main\AndroidManifest.xml:12:25-83
21                <action android:name="android.intent.action.BOOT_COMPLETED" />
21-->src\main\AndroidManifest.xml:13:17-79
21-->src\main\AndroidManifest.xml:13:25-76
22                <action android:name="android.intent.action.QUICKBOOT_POWERON" />
22-->src\main\AndroidManifest.xml:14:17-82
22-->src\main\AndroidManifest.xml:14:25-79
23            </intent-filter>
24        </receiver>
25    </application>
26
27</manifest>